{
"contracts/Crypto-bank.sol":{"l":{"11":0,"12":0,"13":0,"17":0,"18":0,"19":0,"20":0,"24":0,"28":0,"29":0,"34":0,"36":0,"38":0,"46":0,"47":0},"path":"/Volumes/Extreme SSD/Coding/Crypto-Bank/contracts/Crypto-bank.sol","s":{"1":0,"2":0,"3":0,"4":0,"5":0,"6":0,"7":0,"8":0,"9":0,"10":0,"11":0,"12":0,"13":0,"14":0,"15":0},"b":{"1":[0,0],"2":[0,0],"3":[0,0]},"f":{"1":0,"2":0,"3":0,"4":0,"5":0},"fnMap":{"1":{"name":"deposit","line":10,"loc":{"start":{"line":10,"column":4},"end":{"line":14,"column":4}}},"2":{"name":"withdraw","line":16,"loc":{"start":{"line":16,"column":4},"end":{"line":21,"column":4}}},"3":{"name":"getBalance","line":23,"loc":{"start":{"line":23,"column":4},"end":{"line":25,"column":4}}},"4":{"name":"transfer","line":27,"loc":{"start":{"line":27,"column":4},"end":{"line":39,"column":4}}},"5":{"name":"_transfer","line":41,"loc":{"start":{"line":41,"column":4},"end":{"line":48,"column":4}}}},"statementMap":{"1":{"start":{"line":11,"column":8},"end":{"line":11,"column":39}},"2":{"start":{"line":12,"column":8},"end":{"line":12,"column":47}},"3":{"start":{"line":13,"column":8},"end":{"line":13,"column":34}},"4":{"start":{"line":17,"column":8},"end":{"line":17,"column":45}},"5":{"start":{"line":18,"column":8},"end":{"line":18,"column":36}},"6":{"start":{"line":19,"column":8},"end":{"line":19,"column":34}},"7":{"start":{"line":20,"column":8},"end":{"line":20,"column":34}},"8":{"start":{"line":24,"column":8},"end":{"line":24,"column":34}},"9":{"start":{"line":28,"column":8},"end":{"line":28,"column":69}},"10":{"start":{"line":29,"column":8},"end":{"line":29,"column":870}},"11":{"start":{"line":34,"column":8},"end":{"line":34,"column":59}},"12":{"start":{"line":36,"column":8},"end":{"line":36,"column":47}},"13":{"start":{"line":38,"column":8},"end":{"line":38,"column":68}},"14":{"start":{"line":46,"column":8},"end":{"line":46,"column":30}},"15":{"start":{"line":47,"column":8},"end":{"line":47,"column":28}}},"branchMap":{"1":{"line":17,"type":"if","locations":[{"start":{"line":17,"column":8},"end":{"line":17,"column":8}},{"start":{"line":17,"column":8},"end":{"line":17,"column":8}}]},"2":{"line":28,"type":"if","locations":[{"start":{"line":28,"column":8},"end":{"line":28,"column":8}},{"start":{"line":28,"column":8},"end":{"line":28,"column":8}}]},"3":{"line":29,"type":"if","locations":[{"start":{"line":29,"column":8},"end":{"line":29,"column":8}},{"start":{"line":29,"column":8},"end":{"line":29,"column":8}}]}}}}
